<?xml version="1.0" encoding="UTF-8"?>
<!-- Generated by org.testng.reporters.JUnitReportReporter -->
<testsuite skipped="0" hostname="DESKTOP-AVNEC7M" name="practiceSelenium.LearnPrriority" tests="3" failures="0" timestamp="2020-08-16T01:01:12 EDT" time="0.014" errors="0">
  <testcase name="test3" time="0.011" classname="practiceSelenium.LearnPrriority"/>
  <testcase name="test2" time="0.001" classname="practiceSelenium.LearnPrriority"/>
  <testcase name="test1" time="0.002" classname="practiceSelenium.LearnPrriority"/>
</testsuite> <!-- practiceSelenium.LearnPrriority -->
