<?xml version="1.0" encoding="UTF-8"?>
<!-- Generated by org.testng.reporters.JUnitReportReporter -->
<testsuite skipped="0" hostname="DESKTOP-AVNEC7M" name="wrapper2.Singlabash" tests="3" failures="0" timestamp="2020-08-19T21:24:04 EDT" time="83.458" errors="0">
  <testcase name="subclass" time="25.271" classname="wrapper2.Singlabash"/>
  <testcase name="subclass" time="25.642" classname="wrapper2.Singlabash"/>
  <testcase name="subclass" time="32.545" classname="wrapper2.Singlabash"/>
</testsuite> <!-- wrapper2.Singlabash -->
