<?xml version="1.0" encoding="UTF-8"?>
<!-- Generated by org.testng.reporters.JUnitReportReporter -->
<testsuite skipped="0" hostname="DESKTOP-AVNEC7M" name="learnInterface.TC003" tests="1" failures="0" timestamp="2020-08-28T04:02:57 EDT" time="10.870" errors="0">
  <testcase name="login" time="10.870" classname="learnInterface.TC003"/>
</testsuite> <!-- learnInterface.TC003 -->
