<?xml version="1.0" encoding="UTF-8"?>
<!-- Generated by org.testng.reporters.JUnitReportReporter -->
<testsuite skipped="1" hostname="DESKTOP-AVNEC7M" name="wrapper2.IntegCreateSub" tests="1" failures="0" timestamp="2020-08-17T22:23:12 EDT" time="0.000" errors="0">
  <testcase name="integdataTest" time="0.000" classname="wrapper2.IntegCreateSub">
    <skipped/>
  </testcase> <!-- integdataTest -->
</testsuite> <!-- wrapper2.IntegCreateSub -->
