<?xml version="1.0" encoding="UTF-8"?>
<!-- Generated by org.testng.reporters.JUnitReportReporter -->
<testsuite skipped="0" hostname="DESKTOP-AVNEC7M" name="learnSelenium.TestXpath" tests="1" failures="0" timestamp="2020-08-09T19:07:30 EDT" time="6.945" errors="0">
  <testcase name="testLtap" time="6.945" classname="learnSelenium.TestXpath"/>
</testsuite> <!-- learnSelenium.TestXpath -->
