<?xml version="1.0" encoding="UTF-8"?>
<!-- Generated by org.testng.reporters.JUnitReportReporter -->
<testsuite skipped="0" hostname="DESKTOP-AVNEC7M" name="practiceSelenium.TestCng" tests="1" failures="0" timestamp="2020-08-09T19:07:30 EDT" time="37.735" errors="0">
  <testcase name="browserTest" time="37.735" classname="practiceSelenium.TestCng"/>
</testsuite> <!-- practiceSelenium.TestCng -->
