<?xml version="1.0" encoding="UTF-8"?>
<!-- Generated by org.testng.reporters.JUnitReportReporter -->
<testsuite skipped="0" hostname="DESKTOP-AVNEC7M" name="learnInterface.TC002" tests="2" failures="0" timestamp="2020-08-26T11:52:05 EDT" time="23.556" errors="0">
  <testcase name="create" time="10.480" classname="learnInterface.TC002"/>
  <testcase name="login" time="13.076" classname="learnInterface.TC002"/>
</testsuite> <!-- learnInterface.TC002 -->
