<?xml version="1.0" encoding="UTF-8"?>
<!-- Generated by org.testng.reporters.JUnitReportReporter -->
<testsuite skipped="0" hostname="DESKTOP-AVNEC7M" name="wrapper2.ParametersSubNew" tests="1" failures="0" timestamp="2020-08-18T21:18:25 EDT" time="27.379" errors="0">
  <testcase name="paraTest" time="27.379" classname="wrapper2.ParametersSubNew"/>
</testsuite> <!-- wrapper2.ParametersSubNew -->
