<?xml version="1.0" encoding="UTF-8"?>
<!-- Generated by org.testng.reporters.JUnitReportReporter -->
<testsuite skipped="0" hostname="DESKTOP-AVNEC7M" name="learnSelenium.BrowserTest" tests="1" failures="0" timestamp="2020-08-09T19:07:30 EDT" time="21.346" errors="0">
  <testcase name="browserTest" time="21.346" classname="learnSelenium.BrowserTest"/>
</testsuite> <!-- learnSelenium.BrowserTest -->
