<?xml version="1.0" encoding="UTF-8"?>
<!-- Generated by org.testng.reporters.JUnitReportReporter -->
<testsuite skipped="0" hostname="DESKTOP-AVNEC7M" name="wrapper2.ParametersDataSub" tests="2" failures="0" timestamp="2020-08-18T02:55:06 EDT" time="41.079" errors="0">
  <testcase name="paraTest" time="20.124" classname="wrapper2.ParametersDataSub"/>
  <testcase name="paraTest" time="20.955" classname="wrapper2.ParametersDataSub"/>
</testsuite> <!-- wrapper2.ParametersDataSub -->
