<?xml version="1.0" encoding="UTF-8"?>
<!-- Generated by org.testng.reporters.JUnitReportReporter -->
<testsuite skipped="0" hostname="DESKTOP-AVNEC7M" name="learnSelenium.Collection_ListArrayList" tests="1" failures="0" timestamp="2020-08-06T01:03:06 EDT" time="0.007" errors="0">
  <testcase name="NgnTest" time="0.007" classname="learnSelenium.Collection_ListArrayList"/>
</testsuite> <!-- learnSelenium.Collection_ListArrayList -->
