<?xml version="1.0" encoding="UTF-8"?>
<!-- Generated by org.testng.reporters.JUnitReportReporter -->
<testsuite skipped="0" hostname="DESKTOP-AVNEC7M" name="learnInterface.TC001_login" tests="1" failures="0" timestamp="2020-08-26T00:35:55 EDT" time="15.179" errors="0">
  <testcase name="login" time="15.179" classname="learnInterface.TC001_login"/>
</testsuite> <!-- learnInterface.TC001_login -->
